1150 start
230 start
1840 start
690 start
Traceback (most recent call last):
  File "/scratch1/09730/whe1/VQE_downfold/examples/Hchain/calc_opt_basis.py", line 51, in <module>
    main()
  File "/scratch1/09730/whe1/VQE_downfold/examples/Hchain/calc_opt_basis.py", line 47, in main
    calc_opt_basis(xyzfile=xyzfile, output_file=output_file,log_file=log_file)
  File "/scratch1/09730/whe1/VQE_downfold/examples/Hchain/calc_opt_basis.py", line 11, in calc_opt_basis
    with subprocess.Popen(["tail", "-f", log_file], stdout=subprocess.PIPE, stderr=subprocess.PIPE, text=True) as proc:
NameError: name 'subprocess' is not defined
Traceback (most recent call last):
  File "/scratch1/09730/whe1/VQE_downfold/examples/Hchain/calc_opt_basis.py", line 51, in <module>
    main()
  File "/scratch1/09730/whe1/VQE_downfold/examples/Hchain/calc_opt_basis.py", line 47, in main
    calc_opt_basis(xyzfile=xyzfile, output_file=output_file,log_file=log_file)
  File "/scratch1/09730/whe1/VQE_downfold/examples/Hchain/calc_opt_basis.py", line 11, in calc_opt_basis
    with subprocess.Popen(["tail", "-f", log_file], stdout=subprocess.PIPE, stderr=subprocess.PIPE, text=True) as proc:
NameError: name 'subprocess' is not defined
Traceback (most recent call last):
  File "/scratch1/09730/whe1/VQE_downfold/examples/Hchain/calc_opt_basis.py", line 51, in <module>
    main()
  File "/scratch1/09730/whe1/VQE_downfold/examples/Hchain/calc_opt_basis.py", line 47, in main
    calc_opt_basis(xyzfile=xyzfile, output_file=output_file,log_file=log_file)
  File "/scratch1/09730/whe1/VQE_downfold/examples/Hchain/calc_opt_basis.py", line 11, in calc_opt_basis
    with subprocess.Popen(["tail", "-f", log_file], stdout=subprocess.PIPE, stderr=subprocess.PIPE, text=True) as proc:
NameError: name 'subprocess' is not defined
Traceback (most recent call last):
  File "/scratch1/09730/whe1/VQE_downfold/examples/Hchain/calc_opt_basis.py", line 51, in <module>
    main()
  File "/scratch1/09730/whe1/VQE_downfold/examples/Hchain/calc_opt_basis.py", line 47, in main
    calc_opt_basis(xyzfile=xyzfile, output_file=output_file,log_file=log_file)
  File "/scratch1/09730/whe1/VQE_downfold/examples/Hchain/calc_opt_basis.py", line 11, in calc_opt_basis
    with subprocess.Popen(["tail", "-f", log_file], stdout=subprocess.PIPE, stderr=subprocess.PIPE, text=True) as proc:
NameError: name 'subprocess' is not defined
1380 start
0 start
Traceback (most recent call last):
  File "/scratch1/09730/whe1/VQE_downfold/examples/Hchain/calc_opt_basis.py", line 51, in <module>
    main()
  File "/scratch1/09730/whe1/VQE_downfold/examples/Hchain/calc_opt_basis.py", line 47, in main
    calc_opt_basis(xyzfile=xyzfile, output_file=output_file,log_file=log_file)
  File "/scratch1/09730/whe1/VQE_downfold/examples/Hchain/calc_opt_basis.py", line 11, in calc_opt_basis
    with subprocess.Popen(["tail", "-f", log_file], stdout=subprocess.PIPE, stderr=subprocess.PIPE, text=True) as proc:
NameError: name 'subprocess' is not defined
Traceback (most recent call last):
  File "/scratch1/09730/whe1/VQE_downfold/examples/Hchain/calc_opt_basis.py", line 51, in <module>
    main()
  File "/scratch1/09730/whe1/VQE_downfold/examples/Hchain/calc_opt_basis.py", line 47, in main
    calc_opt_basis(xyzfile=xyzfile, output_file=output_file,log_file=log_file)
  File "/scratch1/09730/whe1/VQE_downfold/examples/Hchain/calc_opt_basis.py", line 11, in calc_opt_basis
    with subprocess.Popen(["tail", "-f", log_file], stdout=subprocess.PIPE, stderr=subprocess.PIPE, text=True) as proc:
NameError: name 'subprocess' is not defined
460 start
Traceback (most recent call last):
  File "/scratch1/09730/whe1/VQE_downfold/examples/Hchain/calc_opt_basis.py", line 51, in <module>
    main()
  File "/scratch1/09730/whe1/VQE_downfold/examples/Hchain/calc_opt_basis.py", line 47, in main
    calc_opt_basis(xyzfile=xyzfile, output_file=output_file,log_file=log_file)
  File "/scratch1/09730/whe1/VQE_downfold/examples/Hchain/calc_opt_basis.py", line 11, in calc_opt_basis
    with subprocess.Popen(["tail", "-f", log_file], stdout=subprocess.PIPE, stderr=subprocess.PIPE, text=True) as proc:
NameError: name 'subprocess' is not defined
920 start
Traceback (most recent call last):
  File "/scratch1/09730/whe1/VQE_downfold/examples/Hchain/calc_opt_basis.py", line 51, in <module>
    main()
  File "/scratch1/09730/whe1/VQE_downfold/examples/Hchain/calc_opt_basis.py", line 47, in main
    calc_opt_basis(xyzfile=xyzfile, output_file=output_file,log_file=log_file)
  File "/scratch1/09730/whe1/VQE_downfold/examples/Hchain/calc_opt_basis.py", line 11, in calc_opt_basis
    with subprocess.Popen(["tail", "-f", log_file], stdout=subprocess.PIPE, stderr=subprocess.PIPE, text=True) as proc:
NameError: name 'subprocess' is not defined
2070 start
Traceback (most recent call last):
  File "/scratch1/09730/whe1/VQE_downfold/examples/Hchain/calc_opt_basis.py", line 51, in <module>
    main()
  File "/scratch1/09730/whe1/VQE_downfold/examples/Hchain/calc_opt_basis.py", line 47, in main
    calc_opt_basis(xyzfile=xyzfile, output_file=output_file,log_file=log_file)
  File "/scratch1/09730/whe1/VQE_downfold/examples/Hchain/calc_opt_basis.py", line 11, in calc_opt_basis
    with subprocess.Popen(["tail", "-f", log_file], stdout=subprocess.PIPE, stderr=subprocess.PIPE, text=True) as proc:
NameError: name 'subprocess' is not defined
1610 start
Traceback (most recent call last):
  File "/scratch1/09730/whe1/VQE_downfold/examples/Hchain/calc_opt_basis.py", line 51, in <module>
    main()
  File "/scratch1/09730/whe1/VQE_downfold/examples/Hchain/calc_opt_basis.py", line 47, in main
    calc_opt_basis(xyzfile=xyzfile, output_file=output_file,log_file=log_file)
  File "/scratch1/09730/whe1/VQE_downfold/examples/Hchain/calc_opt_basis.py", line 11, in calc_opt_basis
    with subprocess.Popen(["tail", "-f", log_file], stdout=subprocess.PIPE, stderr=subprocess.PIPE, text=True) as proc:
NameError: name 'subprocess' is not defined
srun: error: c203-012: task 0: Exited with exit code 1
srun: error: c203-013: task 0: Exited with exit code 1
srun: error: c207-011: task 0: Exited with exit code 1
srun: error: c203-009: task 0: Exited with exit code 1
srun: error: c203-014: task 0: Exited with exit code 1
srun: error: c207-012: task 0: Exited with exit code 1
srun: error: c203-015: task 0: Exited with exit code 1
srun: error: c203-011: task 0: Exited with exit code 1
srun: error: c207-013: task 0: Exited with exit code 1
srun: error: c203-010: task 0: Exited with exit code 1
done
