552 start
276 start
828 start
Traceback (most recent call last):
  File "/scratch1/09730/whe1/VQE_downfold/examples/Hchain/calc_opt_basis.py", line 51, in <module>
    main()
  File "/scratch1/09730/whe1/VQE_downfold/examples/Hchain/calc_opt_basis.py", line 47, in main
    calc_opt_basis(xyzfile=xyzfile, output_file=output_file,log_file=log_file)
  File "/scratch1/09730/whe1/VQE_downfold/examples/Hchain/calc_opt_basis.py", line 11, in calc_opt_basis
    with subprocess.Popen(["tail", "-f", log_file], stdout=subprocess.PIPE, stderr=subprocess.PIPE, text=True) as proc:
NameError: name 'subprocess' is not defined
Traceback (most recent call last):
  File "/scratch1/09730/whe1/VQE_downfold/examples/Hchain/calc_opt_basis.py", line 51, in <module>
    main()
  File "/scratch1/09730/whe1/VQE_downfold/examples/Hchain/calc_opt_basis.py", line 47, in main
    calc_opt_basis(xyzfile=xyzfile, output_file=output_file,log_file=log_file)
  File "/scratch1/09730/whe1/VQE_downfold/examples/Hchain/calc_opt_basis.py", line 11, in calc_opt_basis
    with subprocess.Popen(["tail", "-f", log_file], stdout=subprocess.PIPE, stderr=subprocess.PIPE, text=True) as proc:
NameError: name 'subprocess' is not defined
184 start
Traceback (most recent call last):
  File "/scratch1/09730/whe1/VQE_downfold/examples/Hchain/calc_opt_basis.py", line 51, in <module>
    main()
  File "/scratch1/09730/whe1/VQE_downfold/examples/Hchain/calc_opt_basis.py", line 47, in main
    calc_opt_basis(xyzfile=xyzfile, output_file=output_file,log_file=log_file)
  File "/scratch1/09730/whe1/VQE_downfold/examples/Hchain/calc_opt_basis.py", line 11, in calc_opt_basis
92 start
    with subprocess.Popen(["tail", "-f", log_file], stdout=subprocess.PIPE, stderr=subprocess.PIPE, text=True) as proc:
NameError: name 'subprocess' is not defined
368 start
736 start
Traceback (most recent call last):
  File "/scratch1/09730/whe1/VQE_downfold/examples/Hchain/calc_opt_basis.py", line 51, in <module>
    main()
  File "/scratch1/09730/whe1/VQE_downfold/examples/Hchain/calc_opt_basis.py", line 47, in main
    calc_opt_basis(xyzfile=xyzfile, output_file=output_file,log_file=log_file)
  File "/scratch1/09730/whe1/VQE_downfold/examples/Hchain/calc_opt_basis.py", line 11, in calc_opt_basis
    with subprocess.Popen(["tail", "-f", log_file], stdout=subprocess.PIPE, stderr=subprocess.PIPE, text=True) as proc:
NameError: name 'subprocess' is not defined
Traceback (most recent call last):
  File "/scratch1/09730/whe1/VQE_downfold/examples/Hchain/calc_opt_basis.py", line 51, in <module>
    main()
  File "/scratch1/09730/whe1/VQE_downfold/examples/Hchain/calc_opt_basis.py", line 47, in main
    calc_opt_basis(xyzfile=xyzfile, output_file=output_file,log_file=log_file)
  File "/scratch1/09730/whe1/VQE_downfold/examples/Hchain/calc_opt_basis.py", line 11, in calc_opt_basis
    with subprocess.Popen(["tail", "-f", log_file], stdout=subprocess.PIPE, stderr=subprocess.PIPE, text=True) as proc:
NameError: name 'subprocess' is not defined
644 start
Traceback (most recent call last):
  File "/scratch1/09730/whe1/VQE_downfold/examples/Hchain/calc_opt_basis.py", line 51, in <module>
    main()
  File "/scratch1/09730/whe1/VQE_downfold/examples/Hchain/calc_opt_basis.py", line 47, in main
    calc_opt_basis(xyzfile=xyzfile, output_file=output_file,log_file=log_file)
  File "/scratch1/09730/whe1/VQE_downfold/examples/Hchain/calc_opt_basis.py", line 11, in calc_opt_basis
    with subprocess.Popen(["tail", "-f", log_file], stdout=subprocess.PIPE, stderr=subprocess.PIPE, text=True) as proc:
NameError: name 'subprocess' is not defined
Traceback (most recent call last):
  File "/scratch1/09730/whe1/VQE_downfold/examples/Hchain/calc_opt_basis.py", line 51, in <module>
    main()
  File "/scratch1/09730/whe1/VQE_downfold/examples/Hchain/calc_opt_basis.py", line 47, in main
    calc_opt_basis(xyzfile=xyzfile, output_file=output_file,log_file=log_file)
  File "/scratch1/09730/whe1/VQE_downfold/examples/Hchain/calc_opt_basis.py", line 11, in calc_opt_basis
    with subprocess.Popen(["tail", "-f", log_file], stdout=subprocess.PIPE, stderr=subprocess.PIPE, text=True) as proc:
NameError: name 'subprocess' is not defined
Traceback (most recent call last):
  File "/scratch1/09730/whe1/VQE_downfold/examples/Hchain/calc_opt_basis.py", line 51, in <module>
    main()
  File "/scratch1/09730/whe1/VQE_downfold/examples/Hchain/calc_opt_basis.py", line 47, in main
    calc_opt_basis(xyzfile=xyzfile, output_file=output_file,log_file=log_file)
  File "/scratch1/09730/whe1/VQE_downfold/examples/Hchain/calc_opt_basis.py", line 11, in calc_opt_basis
    with subprocess.Popen(["tail", "-f", log_file], stdout=subprocess.PIPE, stderr=subprocess.PIPE, text=True) as proc:
NameError: name 'subprocess' is not defined
0 start
Traceback (most recent call last):
  File "/scratch1/09730/whe1/VQE_downfold/examples/Hchain/calc_opt_basis.py", line 51, in <module>
    main()
  File "/scratch1/09730/whe1/VQE_downfold/examples/Hchain/calc_opt_basis.py", line 47, in main
    calc_opt_basis(xyzfile=xyzfile, output_file=output_file,log_file=log_file)
  File "/scratch1/09730/whe1/VQE_downfold/examples/Hchain/calc_opt_basis.py", line 11, in calc_opt_basis
    with subprocess.Popen(["tail", "-f", log_file], stdout=subprocess.PIPE, stderr=subprocess.PIPE, text=True) as proc:
NameError: name 'subprocess' is not defined
460 start
Traceback (most recent call last):
  File "/scratch1/09730/whe1/VQE_downfold/examples/Hchain/calc_opt_basis.py", line 51, in <module>
    main()
  File "/scratch1/09730/whe1/VQE_downfold/examples/Hchain/calc_opt_basis.py", line 47, in main
    calc_opt_basis(xyzfile=xyzfile, output_file=output_file,log_file=log_file)
  File "/scratch1/09730/whe1/VQE_downfold/examples/Hchain/calc_opt_basis.py", line 11, in calc_opt_basis
    with subprocess.Popen(["tail", "-f", log_file], stdout=subprocess.PIPE, stderr=subprocess.PIPE, text=True) as proc:
NameError: name 'subprocess' is not defined
srun: error: c210-018: task 0: Exited with exit code 1
srun: error: c205-018: task 0: Exited with exit code 1
srun: error: c209-017: task 0: Exited with exit code 1
srun: error: c203-016: task 0: Exited with exit code 1
srun: error: c211-017: task 0: Exited with exit code 1
srun: error: c201-002: task 0: Exited with exit code 1
srun: error: c211-013: task 0: Exited with exit code 1
srun: error: c201-016: task 0: Exited with exit code 1
srun: error: c211-026: task 0: Exited with exit code 1
srun: error: c210-025: task 0: Exited with exit code 1
done
